<?xml version="1.0" encoding="UTF-8"?>
<!-- Generated by org.testng.reporters.JUnitReportReporter -->
<testsuite hostname="LAPTOP-9FCANJ1H" failures="0" tests="2" name="TestPages.TestLogin" time="51.500" errors="0" timestamp="2021-03-19T15:43:30 IST" skipped="0">
  <testcase classname="TestPages.TestLogin" name="Valid_And_Invalid_Login" time="23.101"/>
  <system-out/>
  <testcase classname="TestPages.TestLogin" name="Valid_And_Invalid_Login" time="28.399"/>
  <system-out/>
</testsuite> <!-- TestPages.TestLogin -->
