<?xml version="1.0" encoding="UTF-8"?>
<!-- Generated by org.testng.reporters.JUnitReportReporter -->
<testsuite hostname="LAPTOP-9FCANJ1H" failures="0" tests="2" name="TestPages.TestRegistration" time="14.875" errors="0" timestamp="2021-03-22T17:06:36 IST" skipped="0">
  <testcase classname="TestPages.TestRegistration" name="Valid_And_Invalid_Registration" time="8.532"/>
  <system-out/>
  <testcase classname="TestPages.TestRegistration" name="Valid_And_Invalid_Registration" time="6.343"/>
  <system-out/>
</testsuite> <!-- TestPages.TestRegistration -->
