<?xml version="1.0" encoding="UTF-8"?>
<!-- Generated by org.testng.reporters.JUnitReportReporter -->
<testsuite hostname="LAPTOP-9FCANJ1H" failures="0" tests="2" name="TestPages.TestLogin" time="45.116" errors="0" timestamp="2021-03-22T17:08:52 IST" skipped="0">
  <testcase classname="TestPages.TestLogin" name="Valid_And_Invalid_Login" time="20.691"/>
  <system-out/>
  <testcase classname="TestPages.TestLogin" name="Valid_And_Invalid_Login" time="24.425"/>
  <system-out/>
</testsuite> <!-- TestPages.TestLogin -->
